 backend2 Pulling 
 redis Pulling 
 backend1 Pulling 
 nginx Pulling 
 47d4a9ec02ed Pulling fs layer 
 1e6b88b0472f Pulling fs layer 
 9824c27679d3 Pulling fs layer 
 4f4fb700ef54 Pulling fs layer 
 9824c27679d3 Pulling fs layer 
 47d4a9ec02ed Pulling fs layer 
 1e6b88b0472f Pulling fs layer 
 4f4fb700ef54 Pulling fs layer 
 4f4fb700ef54 Already exists 
 4f4fb700ef54 Already exists 
 47d4a9ec02ed Downloading [====================>                              ]  5.243MB/13.04MB
 47d4a9ec02ed Downloading [====================>                              ]  5.243MB/13.04MB
 47d4a9ec02ed Downloading [========================================>          ]  10.49MB/13.04MB
 47d4a9ec02ed Downloading [========================================>          ]  10.49MB/13.04MB
 47d4a9ec02ed Downloading [================================================>  ]  12.58MB/13.04MB
 47d4a9ec02ed Downloading [================================================>  ]  12.58MB/13.04MB
 47d4a9ec02ed Downloading [================================================>  ]  12.58MB/13.04MB
 47d4a9ec02ed Downloading [================================================>  ]  12.58MB/13.04MB
 47d4a9ec02ed Downloading [================================================>  ]  12.58MB/13.04MB
 47d4a9ec02ed Downloading [================================================>  ]  12.58MB/13.04MB
 47d4a9ec02ed Downloading [================================================>  ]  12.58MB/13.04MB
 47d4a9ec02ed Downloading [================================================>  ]  12.58MB/13.04MB
 47d4a9ec02ed Downloading [==================================================>]  13.04MB/13.04MB
 47d4a9ec02ed Downloading [==================================================>]  13.04MB/13.04MB
 47d4a9ec02ed Downloading [==================================================>]  13.04MB/13.04MB
 9824c27679d3 Downloading [==================================================>]    3.8MB/3.8MB
 47d4a9ec02ed Downloading [==================================================>]  13.04MB/13.04MB
 9824c27679d3 Downloading [==================================================>]    3.8MB/3.8MB
 47d4a9ec02ed Downloading [==================================================>]  13.04MB/13.04MB
 9824c27679d3 Downloading [==================================================>]    3.8MB/3.8MB
 47d4a9ec02ed Downloading [==================================================>]  13.04MB/13.04MB
 9824c27679d3 Downloading [==================================================>]    3.8MB/3.8MB
 47d4a9ec02ed Downloading [==================================================>]  13.04MB/13.04MB
 9824c27679d3 Downloading [==================================================>]    3.8MB/3.8MB
 9824c27679d3 Downloading [==================================================>]    3.8MB/3.8MB
 47d4a9ec02ed Downloading [==================================================>]  13.04MB/13.04MB
 47d4a9ec02ed Downloading [==================================================>]  13.04MB/13.04MB
 9824c27679d3 Downloading [==================================================>]    3.8MB/3.8MB
 47d4a9ec02ed Downloading [==================================================>]  13.04MB/13.04MB
 9824c27679d3 Downloading [==================================================>]    3.8MB/3.8MB
 47d4a9ec02ed Downloading [==================================================>]  13.04MB/13.04MB
 9824c27679d3 Downloading [==================================================>]    3.8MB/3.8MB
 47d4a9ec02ed Downloading [==================================================>]  13.04MB/13.04MB
 9824c27679d3 Downloading [==================================================>]    3.8MB/3.8MB
 47d4a9ec02ed Downloading [==================================================>]  13.04MB/13.04MB
 9824c27679d3 Downloading [==================================================>]    3.8MB/3.8MB
 47d4a9ec02ed Downloading [==================================================>]  13.04MB/13.04MB
 9824c27679d3 Downloading [==================================================>]    3.8MB/3.8MB
 47d4a9ec02ed Downloading [==================================================>]  13.04MB/13.04MB
 9824c27679d3 Downloading [==================================================>]    3.8MB/3.8MB
 47d4a9ec02ed Downloading [==================================================>]  13.04MB/13.04MB
 9824c27679d3 Downloading [==================================================>]    3.8MB/3.8MB
 47d4a9ec02ed Downloading [==================================================>]  13.04MB/13.04MB
 9824c27679d3 Downloading [==================================================>]    3.8MB/3.8MB
 47d4a9ec02ed Downloading [==================================================>]  13.04MB/13.04MB
 9824c27679d3 Downloading [==================================================>]    3.8MB/3.8MB
 9824c27679d3 Downloading [==================================================>]    3.8MB/3.8MB
 47d4a9ec02ed Download complete 
 9824c27679d3 Download complete 
 47d4a9ec02ed Download complete 
 9824c27679d3 Extracting 1 s
 9824c27679d3 Download complete 
 9824c27679d3 Extracting 1 s
 9824c27679d3 Extracting 1 s
 1e6b88b0472f Downloading [==================================================>]  282.5kB/282.5kB
 9824c27679d3 Extracting 1 s
 1e6b88b0472f Downloading [==================================================>]  282.5kB/282.5kB
 9824c27679d3 Extracting 1 s
 1e6b88b0472f Downloading [==================================================>]  282.5kB/282.5kB
 9824c27679d3 Extracting 1 s
 ec7ed15a85c2 Pulling fs layer 
 d06c6b665c9b Pulling fs layer 
 1f864ff0defe Pulling fs layer 
 c843e90a254e Pulling fs layer 
 92b33cc1d06d Pulling fs layer 
 c00d46e429d4 Pulling fs layer 
 637bc8a980ce Pulling fs layer 
 4f4fb700ef54 Pulling fs layer 
 1e6b88b0472f Download complete 
 9824c27679d3 Extracting 1 s
 36f61153929d Pulling fs layer 
 ab753f997c88 Pulling fs layer 
 f6bd92514b6f Pulling fs layer 
 1c81249bdabb Pulling fs layer 
 ded4450e0584 Pulling fs layer 
 9d51f8bf5f2b Pulling fs layer 
 37c699686bc8 Pulling fs layer 
 4f4fb700ef54 Already exists 
 1e6b88b0472f Download complete 
 4f4fb700ef54 Pull complete 
 47d4a9ec02ed Extracting 1 s
 9824c27679d3 Pull complete 
 1e6b88b0472f Pull complete 
 4f4fb700ef54 Pull complete 
 9824c27679d3 Pull complete 
 47d4a9ec02ed Extracting 1 s
 1e6b88b0472f Pull complete 
 47d4a9ec02ed Pull complete 
 47d4a9ec02ed Pull complete 
 backend2 Pulled 
 backend1 Pulled 
 ec7ed15a85c2 Downloading [==================================================>]     572B/572B
 ec7ed15a85c2 Download complete 
 637bc8a980ce Download complete 
 1f864ff0defe Download complete 
 9d51f8bf5f2b Download complete 
 37c699686bc8 Download complete 
 c00d46e429d4 Downloading [================>                                  ]  4.194MB/12.57MB
 c00d46e429d4 Downloading [=====================================>             ]  9.437MB/12.57MB
 c00d46e429d4 Downloading [=============================================>     ]  11.53MB/12.57MB
 c00d46e429d4 Downloading [=============================================>     ]  11.53MB/12.57MB
 36f61153929d Downloading [============>                                      ]  4.194MB/16.92MB
 d06c6b665c9b Downloading [=============>                                     ]  1.049MB/3.987MB
 c843e90a254e Download complete 
 c00d46e429d4 Downloading [=============================================>     ]  11.53MB/12.57MB
 1c81249bdabb Download complete 
 ded4450e0584 Download complete 
 36f61153929d Downloading [========================>                          ]  8.389MB/16.92MB
 f6bd92514b6f Download complete 
 c00d46e429d4 Downloading [=============================================>     ]  11.53MB/12.57MB
 d06c6b665c9b Download complete 
 d06c6b665c9b Extracting 1 s
 36f61153929d Downloading [==============================>                    ]  10.49MB/16.92MB
 ab753f997c88 Downloading [=============================>                     ]  1.049MB/1.802MB
 c00d46e429d4 Downloading [=============================================>     ]  11.53MB/12.57MB
 1f864ff0defe Pull complete 
 c843e90a254e Pull complete 
 d06c6b665c9b Pull complete 
 36f61153929d Downloading [==================================>                ]  11.53MB/16.92MB
 ab753f997c88 Download complete 
 9d51f8bf5f2b Pull complete 
 37c699686bc8 Pull complete 
 1c81249bdabb Pull complete 
 ded4450e0584 Pull complete 
 f6bd92514b6f Pull complete 
 ab753f997c88 Pull complete 
 c00d46e429d4 Download complete 
 36f61153929d Downloading [==================================>                ]  11.53MB/16.92MB
 92b33cc1d06d Download complete 
 c00d46e429d4 Extracting 1 s
 92b33cc1d06d Pull complete 
 36f61153929d Downloading [=====================================>             ]  12.58MB/16.92MB
 4f4fb700ef54 Pull complete 
 ec7ed15a85c2 Pull complete 
 637bc8a980ce Pull complete 
 c00d46e429d4 Pull complete 
 redis Pulled 
 36f61153929d Downloading [=====================================>             ]  12.58MB/16.92MB
 36f61153929d Downloading [=====================================>             ]  12.58MB/16.92MB
 36f61153929d Downloading [=====================================>             ]  12.58MB/16.92MB
 36f61153929d Downloading [=====================================>             ]  12.58MB/16.92MB
 36f61153929d Downloading [=====================================>             ]  12.58MB/16.92MB
 36f61153929d Downloading [=====================================>             ]  12.58MB/16.92MB
 36f61153929d Downloading [=====================================>             ]  12.58MB/16.92MB
 36f61153929d Downloading [=====================================>             ]  12.58MB/16.92MB
 36f61153929d Downloading [=====================================>             ]  12.58MB/16.92MB
 36f61153929d Downloading [=====================================>             ]  12.58MB/16.92MB
 36f61153929d Downloading [=====================================>             ]  12.58MB/16.92MB
 36f61153929d Downloading [=====================================>             ]  12.58MB/16.92MB
 36f61153929d Downloading [=====================================>             ]  12.58MB/16.92MB
 36f61153929d Downloading [=====================================>             ]  12.58MB/16.92MB
 36f61153929d Downloading [=====================================>             ]  12.58MB/16.92MB
 36f61153929d Downloading [=====================================>             ]  12.58MB/16.92MB
 36f61153929d Downloading [=====================================>             ]  12.58MB/16.92MB
 36f61153929d Downloading [=====================================>             ]  12.58MB/16.92MB
 36f61153929d Downloading [=====================================>             ]  12.58MB/16.92MB
 36f61153929d Downloading [=====================================>             ]  12.58MB/16.92MB
 36f61153929d Downloading [=====================================>             ]  12.58MB/16.92MB
 36f61153929d Downloading [=====================================>             ]  12.58MB/16.92MB
 36f61153929d Downloading [=====================================>             ]  12.58MB/16.92MB
 36f61153929d Downloading [=====================================>             ]  12.58MB/16.92MB
 36f61153929d Downloading [=====================================>             ]  12.58MB/16.92MB
 36f61153929d Downloading [=====================================>             ]  12.58MB/16.92MB
 36f61153929d Downloading [=====================================>             ]  12.58MB/16.92MB
 36f61153929d Downloading [=====================================>             ]  12.58MB/16.92MB
 36f61153929d Downloading [=====================================>             ]  12.58MB/16.92MB
 36f61153929d Downloading [=====================================>             ]  12.58MB/16.92MB
 36f61153929d Download complete 
 36f61153929d Extracting 1 s
 36f61153929d Extracting 1 s
 36f61153929d Pull complete 
 nginx Pulled 
 Network rinha-de-backend-2025-go_rinha-network  Creating
 Network rinha-de-backend-2025-go_rinha-network  Created
 Container rinha-redis  Creating
 Container rinha-redis  Created
 Container rinha-backend-2  Creating
 Container rinha-backend-1  Creating
 backend1 The requested image's platform (linux/amd64) does not match the detected host platform (linux/arm64/v8) and no specific platform was requested 
 backend2 The requested image's platform (linux/amd64) does not match the detected host platform (linux/arm64/v8) and no specific platform was requested 
 Container rinha-backend-1  Created
 Container rinha-backend-2  Created
 Container rinha-nginx  Creating
 Container rinha-nginx  Created
 Container rinha-redis  Starting
 Container rinha-redis  Started
 Container rinha-redis  Waiting
 Container rinha-redis  Waiting
 Container rinha-redis  Healthy
 Container rinha-backend-2  Starting
 Container rinha-redis  Healthy
 Container rinha-backend-1  Starting
 Container rinha-backend-1  Started
 Container rinha-backend-2  Started
 Container rinha-nginx  Starting
 Container rinha-nginx  Started
