
         /\      Grafana   /‾‾/  
    /\  /  \     |\  __   /  /   
   /  \/    \    | |/ /  /   ‾‾\ 
  /          \   |   (  |  (‾)  |
 / __________ \  |_|\_\  \_____/ 

     execution: local
        script: rinha.js
        output: -

     scenarios: (100.00%) 8 scenarios, 854 max VUs, 1m30s max duration (incl. graceful stop):
              * payments: Up to 850 looping VUs for 1m0s over 1 stages (gracefulRampDown: 0s, exec: payments, gracefulStop: 30s)
              * payments_consistency: 1 looping VUs for 1m0s (exec: checkPayments, gracefulStop: 30s)
              * stage_00: 1 looping VUs for 1s (exec: define_stage, startTime: 1s, gracefulStop: 30s)
              * stage_01: 1 looping VUs for 1s (exec: define_stage, startTime: 10s, gracefulStop: 30s)
              * stage_02: 1 looping VUs for 1s (exec: define_stage, startTime: 20s, gracefulStop: 30s)
              * stage_03: 1 looping VUs for 1s (exec: define_stage, startTime: 30s, gracefulStop: 30s)
              * stage_04: 1 looping VUs for 1s (exec: define_stage, startTime: 40s, gracefulStop: 30s)
              * stage_05: 1 looping VUs for 1s (exec: define_stage, startTime: 50s, gracefulStop: 30s)


running (0m00.9s), 011/854 VUs, 0 complete and 0 interrupted iterations
payments               [   1% ] 010/850 VUs  0m00.7s/1m00.0s
payments_consistency   [   1% ] 1 VUs        0m00.7s/1m0s
stage_00             • [   0% ] waiting      0.3s
stage_01             • [   0% ] waiting      09.3s
stage_02             • [   0% ] waiting      19.3s
stage_03             • [   0% ] waiting      29.3s
stage_04             • [   0% ] waiting      39.3s
stage_05             • [   0% ] waiting      49.3s

running (0m01.9s), 026/854 VUs, 10 complete and 0 interrupted iterations
payments               [   3% ] 024/850 VUs  0m01.7s/1m00.0s
payments_consistency   [   3% ] 1 VUs        0m01.7s/1m0s
stage_00               [  65% ] 1 VUs        0.7s/1s
stage_01             • [   0% ] waiting      08.3s
stage_02             • [   0% ] waiting      18.3s
stage_03             • [   0% ] waiting      28.3s
stage_04             • [   0% ] waiting      38.3s
stage_05             • [   0% ] waiting      48.3s

running (0m02.9s), 039/854 VUs, 35 complete and 0 interrupted iterations
payments               [   4% ] 038/850 VUs  0m02.7s/1m00.0s
payments_consistency   [   4% ] 1 VUs        0m02.7s/1m0s
stage_00             ✓ [ 100% ] 1 VUs        1s
stage_01             • [   0% ] waiting      07.3s
stage_02             • [   0% ] waiting      17.3s
stage_03             • [   0% ] waiting      27.3s
stage_04             • [   0% ] waiting      37.3s
stage_05             • [   0% ] waiting      47.3s

running (0m03.9s), 053/854 VUs, 73 complete and 0 interrupted iterations
payments               [   6% ] 052/850 VUs  0m03.7s/1m00.0s
payments_consistency   [   6% ] 1 VUs        0m03.7s/1m0s
stage_00             ✓ [ 100% ] 1 VUs        1s
stage_01             • [   0% ] waiting      06.3s
stage_02             • [   0% ] waiting      16.3s
stage_03             • [   0% ] waiting      26.3s
stage_04             • [   0% ] waiting      36.3s
stage_05             • [   0% ] waiting      46.3s

running (0m04.9s), 067/854 VUs, 125 complete and 0 interrupted iterations
payments               [   8% ] 066/850 VUs  0m04.7s/1m00.0s
payments_consistency   [   8% ] 1 VUs        0m04.7s/1m0s
stage_00             ✓ [ 100% ] 1 VUs        1s
stage_01             • [   0% ] waiting      05.3s
stage_02             • [   0% ] waiting      15.3s
stage_03             • [   0% ] waiting      25.3s
stage_04             • [   0% ] waiting      35.3s
stage_05             • [   0% ] waiting      45.3s

running (0m05.9s), 081/854 VUs, 191 complete and 0 interrupted iterations
payments               [   9% ] 080/850 VUs  0m05.7s/1m00.0s
payments_consistency   [   9% ] 1 VUs        0m05.7s/1m0s
stage_00             ✓ [ 100% ] 1 VUs        1s
stage_01             • [   0% ] waiting      04.3s
stage_02             • [   0% ] waiting      14.3s
stage_03             • [   0% ] waiting      24.3s
stage_04             • [   0% ] waiting      34.3s
stage_05             • [   0% ] waiting      44.3s

running (0m06.9s), 096/854 VUs, 270 complete and 0 interrupted iterations
payments               [  11% ] 095/850 VUs  0m06.7s/1m00.0s
payments_consistency   [  11% ] 1 VUs        0m06.7s/1m0s
stage_00             ✓ [ 100% ] 1 VUs        1s
stage_01             • [   0% ] waiting      03.3s
stage_02             • [   0% ] waiting      13.3s
stage_03             • [   0% ] waiting      23.3s
stage_04             • [   0% ] waiting      33.3s
stage_05             • [   0% ] waiting      43.3s

running (0m07.9s), 110/854 VUs, 365 complete and 0 interrupted iterations
payments               [  13% ] 109/850 VUs  0m07.7s/1m00.0s
payments_consistency   [  13% ] 1 VUs        0m07.7s/1m0s
stage_00             ✓ [ 100% ] 1 VUs        1s
stage_01             • [   0% ] waiting      02.3s
stage_02             • [   0% ] waiting      12.3s
stage_03             • [   0% ] waiting      22.3s
stage_04             • [   0% ] waiting      32.3s
stage_05             • [   0% ] waiting      42.3s

running (0m08.9s), 124/854 VUs, 474 complete and 0 interrupted iterations
payments               [  14% ] 123/850 VUs  0m08.7s/1m00.0s
payments_consistency   [  14% ] 1 VUs        0m08.7s/1m0s
stage_00             ✓ [ 100% ] 1 VUs        1s
stage_01             • [   0% ] waiting      01.3s
stage_02             • [   0% ] waiting      11.3s
stage_03             • [   0% ] waiting      21.3s
stage_04             • [   0% ] waiting      31.3s
stage_05             • [   0% ] waiting      41.3s

running (0m09.9s), 138/854 VUs, 597 complete and 0 interrupted iterations
payments               [  16% ] 137/850 VUs  0m09.7s/1m00.0s
payments_consistency   [  16% ] 1 VUs        0m09.7s/1m0s
stage_00             ✓ [ 100% ] 1 VUs        1s
stage_01             • [   0% ] waiting      00.3s
stage_02             • [   0% ] waiting      10.3s
stage_03             • [   0% ] waiting      20.3s
stage_04             • [   0% ] waiting      30.3s
stage_05             • [   0% ] waiting      40.3s

running (0m10.9s), 153/854 VUs, 735 complete and 0 interrupted iterations
payments               [  18% ] 151/850 VUs  0m10.7s/1m00.0s
payments_consistency   [  18% ] 1 VUs        0m10.7s/1m0s
stage_00             ✓ [ 100% ] 1 VUs        1s
stage_01               [  65% ] 1 VUs        0.7s/1s
stage_02             • [   0% ] waiting      09.3s
stage_03             • [   0% ] waiting      19.3s
stage_04             • [   0% ] waiting      29.3s
stage_05             • [   0% ] waiting      39.3s

running (0m11.9s), 166/854 VUs, 885 complete and 0 interrupted iterations
payments               [  19% ] 165/850 VUs  0m11.7s/1m00.0s
payments_consistency   [  19% ] 1 VUs        0m11.7s/1m0s
stage_00             ✓ [ 100% ] 1 VUs        1s
stage_01             ✓ [ 100% ] 1 VUs        1s
stage_02             • [   0% ] waiting      08.3s
stage_03             • [   0% ] waiting      18.3s
stage_04             • [   0% ] waiting      28.3s
stage_05             • [   0% ] waiting      38.3s

running (0m12.9s), 181/854 VUs, 1050 complete and 0 interrupted iterations
payments               [  21% ] 180/850 VUs  0m12.7s/1m00.0s
payments_consistency   [  21% ] 1 VUs        0m12.7s/1m0s
stage_00             ✓ [ 100% ] 1 VUs        1s
stage_01             ✓ [ 100% ] 1 VUs        1s
stage_02             • [   0% ] waiting      07.3s
stage_03             • [   0% ] waiting      17.3s
stage_04             • [   0% ] waiting      27.3s
stage_05             • [   0% ] waiting      37.3s

running (0m13.9s), 195/854 VUs, 1229 complete and 0 interrupted iterations
payments               [  23% ] 194/850 VUs  0m13.7s/1m00.0s
payments_consistency   [  23% ] 1 VUs        0m13.7s/1m0s
stage_00             ✓ [ 100% ] 1 VUs        1s
stage_01             ✓ [ 100% ] 1 VUs        1s
stage_02             • [   0% ] waiting      06.3s
stage_03             • [   0% ] waiting      16.3s
stage_04             • [   0% ] waiting      26.3s
stage_05             • [   0% ] waiting      36.3s

running (0m14.9s), 209/854 VUs, 1423 complete and 0 interrupted iterations
payments               [  24% ] 208/850 VUs  0m14.7s/1m00.0s
payments_consistency   [  24% ] 1 VUs        0m14.7s/1m0s
stage_00             ✓ [ 100% ] 1 VUs        1s
stage_01             ✓ [ 100% ] 1 VUs        1s
stage_02             • [   0% ] waiting      05.3s
stage_03             • [   0% ] waiting      15.3s
stage_04             • [   0% ] waiting      25.3s
stage_05             • [   0% ] waiting      35.3s

running (0m15.9s), 223/854 VUs, 1630 complete and 0 interrupted iterations
payments               [  26% ] 222/850 VUs  0m15.7s/1m00.0s
payments_consistency   [  26% ] 1 VUs        0m15.7s/1m0s
stage_00             ✓ [ 100% ] 1 VUs        1s
stage_01             ✓ [ 100% ] 1 VUs        1s
stage_02             • [   0% ] waiting      04.3s
stage_03             • [   0% ] waiting      14.3s
stage_04             • [   0% ] waiting      24.3s
stage_05             • [   0% ] waiting      34.3s

running (0m16.9s), 237/854 VUs, 1851 complete and 0 interrupted iterations
payments               [  28% ] 236/850 VUs  0m16.7s/1m00.0s
payments_consistency   [  28% ] 1 VUs        0m16.7s/1m0s
stage_00             ✓ [ 100% ] 1 VUs        1s
stage_01             ✓ [ 100% ] 1 VUs        1s
stage_02             • [   0% ] waiting      03.3s
stage_03             • [   0% ] waiting      13.3s
stage_04             • [   0% ] waiting      23.3s
stage_05             • [   0% ] waiting      33.3s

running (0m17.9s), 251/854 VUs, 2087 complete and 0 interrupted iterations
payments               [  29% ] 250/850 VUs  0m17.7s/1m00.0s
payments_consistency   [  29% ] 1 VUs        0m17.7s/1m0s
stage_00             ✓ [ 100% ] 1 VUs        1s
stage_01             ✓ [ 100% ] 1 VUs        1s
stage_02             • [   0% ] waiting      02.3s
stage_03             • [   0% ] waiting      12.3s
stage_04             • [   0% ] waiting      22.3s
stage_05             • [   0% ] waiting      32.3s

running (0m18.9s), 265/854 VUs, 2337 complete and 0 interrupted iterations
payments               [  31% ] 264/850 VUs  0m18.7s/1m00.0s
payments_consistency   [  31% ] 1 VUs        0m18.7s/1m0s
stage_00             ✓ [ 100% ] 1 VUs        1s
stage_01             ✓ [ 100% ] 1 VUs        1s
stage_02             • [   0% ] waiting      01.3s
stage_03             • [   0% ] waiting      11.3s
stage_04             • [   0% ] waiting      21.3s
stage_05             • [   0% ] waiting      31.3s

running (0m19.9s), 280/854 VUs, 2601 complete and 0 interrupted iterations
payments               [  33% ] 279/850 VUs  0m19.7s/1m00.0s
payments_consistency   [  33% ] 1 VUs        0m19.7s/1m0s
stage_00             ✓ [ 100% ] 1 VUs        1s
stage_01             ✓ [ 100% ] 1 VUs        1s
stage_02             • [   0% ] waiting      00.3s
stage_03             • [   0% ] waiting      10.3s
stage_04             • [   0% ] waiting      20.3s
stage_05             • [   0% ] waiting      30.3s

running (0m20.9s), 295/854 VUs, 2881 complete and 0 interrupted iterations
payments               [  34% ] 293/850 VUs  0m20.7s/1m00.0s
payments_consistency   [  34% ] 1 VUs        0m20.7s/1m0s
stage_00             ✓ [ 100% ] 1 VUs        1s
stage_01             ✓ [ 100% ] 1 VUs        1s
stage_02               [  65% ] 1 VUs        0.7s/1s
stage_03             • [   0% ] waiting      09.3s
stage_04             • [   0% ] waiting      19.3s
stage_05             • [   0% ] waiting      29.3s

running (0m21.9s), 308/854 VUs, 3174 complete and 0 interrupted iterations
payments               [  36% ] 307/850 VUs  0m21.7s/1m00.0s
payments_consistency   [  36% ] 1 VUs        0m21.7s/1m0s
stage_00             ✓ [ 100% ] 1 VUs        1s
stage_01             ✓ [ 100% ] 1 VUs        1s
stage_02             ✓ [ 100% ] 1 VUs        1s
stage_03             • [   0% ] waiting      08.3s
stage_04             • [   0% ] waiting      18.3s
stage_05             • [   0% ] waiting      28.3s

running (0m22.9s), 322/854 VUs, 3479 complete and 0 interrupted iterations
payments               [  38% ] 321/850 VUs  0m22.7s/1m00.0s
payments_consistency   [  38% ] 1 VUs        0m22.7s/1m0s
stage_00             ✓ [ 100% ] 1 VUs        1s
stage_01             ✓ [ 100% ] 1 VUs        1s
stage_02             ✓ [ 100% ] 1 VUs        1s
stage_03             • [   0% ] waiting      07.3s
stage_04             • [   0% ] waiting      17.3s
stage_05             • [   0% ] waiting      27.3s

running (0m23.9s), 336/854 VUs, 3800 complete and 0 interrupted iterations
payments               [  39% ] 335/850 VUs  0m23.7s/1m00.0s
payments_consistency   [  39% ] 1 VUs        0m23.7s/1m0s
stage_00             ✓ [ 100% ] 1 VUs        1s
stage_01             ✓ [ 100% ] 1 VUs        1s
stage_02             ✓ [ 100% ] 1 VUs        1s
stage_03             • [   0% ] waiting      06.3s
stage_04             • [   0% ] waiting      16.3s
stage_05             • [   0% ] waiting      26.3s

running (0m24.9s), 350/854 VUs, 4135 complete and 0 interrupted iterations
payments               [  41% ] 349/850 VUs  0m24.7s/1m00.0s
payments_consistency   [  41% ] 1 VUs        0m24.7s/1m0s
stage_00             ✓ [ 100% ] 1 VUs        1s
stage_01             ✓ [ 100% ] 1 VUs        1s
stage_02             ✓ [ 100% ] 1 VUs        1s
stage_03             • [   0% ] waiting      05.3s
stage_04             • [   0% ] waiting      15.3s
stage_05             • [   0% ] waiting      25.3s

running (0m25.9s), 364/854 VUs, 4484 complete and 0 interrupted iterations
payments               [  43% ] 363/850 VUs  0m25.7s/1m00.0s
payments_consistency   [  43% ] 1 VUs        0m25.7s/1m0s
stage_00             ✓ [ 100% ] 1 VUs        1s
stage_01             ✓ [ 100% ] 1 VUs        1s
stage_02             ✓ [ 100% ] 1 VUs        1s
stage_03             • [   0% ] waiting      04.3s
stage_04             • [   0% ] waiting      14.3s
stage_05             • [   0% ] waiting      24.3s

running (0m26.9s), 379/854 VUs, 4847 complete and 0 interrupted iterations
payments               [  44% ] 378/850 VUs  0m26.7s/1m00.0s
payments_consistency   [  44% ] 1 VUs        0m26.7s/1m0s
stage_00             ✓ [ 100% ] 1 VUs        1s
stage_01             ✓ [ 100% ] 1 VUs        1s
stage_02             ✓ [ 100% ] 1 VUs        1s
stage_03             • [   0% ] waiting      03.3s
stage_04             • [   0% ] waiting      13.3s
stage_05             • [   0% ] waiting      23.3s

running (0m27.9s), 393/854 VUs, 5225 complete and 0 interrupted iterations
payments               [  46% ] 392/850 VUs  0m27.7s/1m00.0s
payments_consistency   [  46% ] 1 VUs        0m27.7s/1m0s
stage_00             ✓ [ 100% ] 1 VUs        1s
stage_01             ✓ [ 100% ] 1 VUs        1s
stage_02             ✓ [ 100% ] 1 VUs        1s
stage_03             • [   0% ] waiting      02.3s
stage_04             • [   0% ] waiting      12.3s
stage_05             • [   0% ] waiting      22.3s

running (0m28.9s), 407/854 VUs, 5615 complete and 0 interrupted iterations
payments               [  48% ] 406/850 VUs  0m28.7s/1m00.0s
payments_consistency   [  48% ] 1 VUs        0m28.7s/1m0s
stage_00             ✓ [ 100% ] 1 VUs        1s
stage_01             ✓ [ 100% ] 1 VUs        1s
stage_02             ✓ [ 100% ] 1 VUs        1s
stage_03             • [   0% ] waiting      01.3s
stage_04             • [   0% ] waiting      11.3s
stage_05             • [   0% ] waiting      21.3s

running (0m29.9s), 421/854 VUs, 6018 complete and 0 interrupted iterations
payments               [  49% ] 420/850 VUs  0m29.7s/1m00.0s
payments_consistency   [  49% ] 1 VUs        0m29.7s/1m0s
stage_00             ✓ [ 100% ] 1 VUs        1s
stage_01             ✓ [ 100% ] 1 VUs        1s
stage_02             ✓ [ 100% ] 1 VUs        1s
stage_03             • [   0% ] waiting      00.3s
stage_04             • [   0% ] waiting      10.3s
stage_05             • [   0% ] waiting      20.3s

running (0m30.9s), 436/854 VUs, 6439 complete and 0 interrupted iterations
payments               [  51% ] 434/850 VUs  0m30.7s/1m00.0s
payments_consistency   [  51% ] 1 VUs        0m30.7s/1m0s
stage_00             ✓ [ 100% ] 1 VUs        1s
stage_01             ✓ [ 100% ] 1 VUs        1s
stage_02             ✓ [ 100% ] 1 VUs        1s
stage_03               [  65% ] 1 VUs        0.7s/1s
stage_04             • [   0% ] waiting      09.3s
stage_05             • [   0% ] waiting      19.3s

running (0m31.9s), 449/854 VUs, 6873 complete and 0 interrupted iterations
payments               [  53% ] 448/850 VUs  0m31.7s/1m00.0s
payments_consistency   [  53% ] 1 VUs        0m31.7s/1m0s
stage_00             ✓ [ 100% ] 1 VUs        1s
stage_01             ✓ [ 100% ] 1 VUs        1s
stage_02             ✓ [ 100% ] 1 VUs        1s
stage_03             ✓ [ 100% ] 1 VUs        1s
stage_04             • [   0% ] waiting      08.3s
stage_05             • [   0% ] waiting      18.3s

running (0m32.9s), 464/854 VUs, 7321 complete and 0 interrupted iterations
payments               [  54% ] 463/850 VUs  0m32.7s/1m00.0s
payments_consistency   [  54% ] 1 VUs        0m32.7s/1m0s
stage_00             ✓ [ 100% ] 1 VUs        1s
stage_01             ✓ [ 100% ] 1 VUs        1s
stage_02             ✓ [ 100% ] 1 VUs        1s
stage_03             ✓ [ 100% ] 1 VUs        1s
stage_04             • [   0% ] waiting      07.3s
stage_05             • [   0% ] waiting      17.3s

running (0m33.9s), 478/854 VUs, 7782 complete and 0 interrupted iterations
payments               [  56% ] 477/850 VUs  0m33.7s/1m00.0s
payments_consistency   [  56% ] 1 VUs        0m33.7s/1m0s
stage_00             ✓ [ 100% ] 1 VUs        1s
stage_01             ✓ [ 100% ] 1 VUs        1s
stage_02             ✓ [ 100% ] 1 VUs        1s
stage_03             ✓ [ 100% ] 1 VUs        1s
stage_04             • [   0% ] waiting      06.3s
stage_05             • [   0% ] waiting      16.3s

running (0m34.9s), 492/854 VUs, 8257 complete and 0 interrupted iterations
payments               [  58% ] 491/850 VUs  0m34.7s/1m00.0s
payments_consistency   [  58% ] 1 VUs        0m34.7s/1m0s
stage_00             ✓ [ 100% ] 1 VUs        1s
stage_01             ✓ [ 100% ] 1 VUs        1s
stage_02             ✓ [ 100% ] 1 VUs        1s
stage_03             ✓ [ 100% ] 1 VUs        1s
stage_04             • [   0% ] waiting      05.3s
stage_05             • [   0% ] waiting      15.3s

running (0m35.9s), 506/854 VUs, 8748 complete and 0 interrupted iterations
payments               [  59% ] 505/850 VUs  0m35.7s/1m00.0s
payments_consistency   [  59% ] 1 VUs        0m35.7s/1m0s
stage_00             ✓ [ 100% ] 1 VUs        1s
stage_01             ✓ [ 100% ] 1 VUs        1s
stage_02             ✓ [ 100% ] 1 VUs        1s
stage_03             ✓ [ 100% ] 1 VUs        1s
stage_04             • [   0% ] waiting      04.3s
stage_05             • [   0% ] waiting      14.3s

running (0m36.9s), 520/854 VUs, 9253 complete and 0 interrupted iterations
payments               [  61% ] 519/850 VUs  0m36.7s/1m00.0s
payments_consistency   [  61% ] 1 VUs        0m36.7s/1m0s
stage_00             ✓ [ 100% ] 1 VUs        1s
stage_01             ✓ [ 100% ] 1 VUs        1s
stage_02             ✓ [ 100% ] 1 VUs        1s
stage_03             ✓ [ 100% ] 1 VUs        1s
stage_04             • [   0% ] waiting      03.3s
stage_05             • [   0% ] waiting      13.3s

running (0m37.9s), 534/854 VUs, 9771 complete and 0 interrupted iterations
payments               [  63% ] 533/850 VUs  0m37.7s/1m00.0s
payments_consistency   [  63% ] 1 VUs        0m37.7s/1m0s
stage_00             ✓ [ 100% ] 1 VUs        1s
stage_01             ✓ [ 100% ] 1 VUs        1s
stage_02             ✓ [ 100% ] 1 VUs        1s
stage_03             ✓ [ 100% ] 1 VUs        1s
stage_04             • [   0% ] waiting      02.3s
stage_05             • [   0% ] waiting      12.3s

running (0m38.9s), 548/854 VUs, 10299 complete and 0 interrupted iterations
payments               [  64% ] 547/850 VUs  0m38.7s/1m00.0s
payments_consistency   [  64% ] 1 VUs        0m38.7s/1m0s
stage_00             ✓ [ 100% ] 1 VUs        1s
stage_01             ✓ [ 100% ] 1 VUs        1s
stage_02             ✓ [ 100% ] 1 VUs        1s
stage_03             ✓ [ 100% ] 1 VUs        1s
stage_04             • [   0% ] waiting      01.3s
stage_05             • [   0% ] waiting      11.3s

running (0m39.9s), 563/854 VUs, 10846 complete and 0 interrupted iterations
payments               [  66% ] 562/850 VUs  0m39.7s/1m00.0s
payments_consistency   [  66% ] 1 VUs        0m39.7s/1m0s
stage_00             ✓ [ 100% ] 1 VUs        1s
stage_01             ✓ [ 100% ] 1 VUs        1s
stage_02             ✓ [ 100% ] 1 VUs        1s
stage_03             ✓ [ 100% ] 1 VUs        1s
stage_04             • [   0% ] waiting      00.3s
stage_05             • [   0% ] waiting      10.3s

running (0m40.9s), 578/854 VUs, 11407 complete and 0 interrupted iterations
payments               [  68% ] 576/850 VUs  0m40.7s/1m00.0s
payments_consistency   [  68% ] 1 VUs        0m40.7s/1m0s
stage_00             ✓ [ 100% ] 1 VUs        1s
stage_01             ✓ [ 100% ] 1 VUs        1s
stage_02             ✓ [ 100% ] 1 VUs        1s
stage_03             ✓ [ 100% ] 1 VUs        1s
stage_04               [  65% ] 1 VUs        0.7s/1s
stage_05             • [   0% ] waiting      09.3s

running (0m41.9s), 591/854 VUs, 11979 complete and 0 interrupted iterations
payments               [  69% ] 590/850 VUs  0m41.7s/1m00.0s
payments_consistency   [  69% ] 1 VUs        0m41.7s/1m0s
stage_00             ✓ [ 100% ] 1 VUs        1s
stage_01             ✓ [ 100% ] 1 VUs        1s
stage_02             ✓ [ 100% ] 1 VUs        1s
stage_03             ✓ [ 100% ] 1 VUs        1s
stage_04             ✓ [ 100% ] 1 VUs        1s
stage_05             • [   0% ] waiting      08.3s

running (0m42.9s), 605/854 VUs, 12486 complete and 0 interrupted iterations
payments               [  71% ] 604/850 VUs  0m42.7s/1m00.0s
payments_consistency   [  71% ] 1 VUs        0m42.7s/1m0s
stage_00             ✓ [ 100% ] 1 VUs        1s
stage_01             ✓ [ 100% ] 1 VUs        1s
stage_02             ✓ [ 100% ] 1 VUs        1s
stage_03             ✓ [ 100% ] 1 VUs        1s
stage_04             ✓ [ 100% ] 1 VUs        1s
stage_05             • [   0% ] waiting      07.3s

running (0m43.9s), 619/854 VUs, 13073 complete and 0 interrupted iterations
payments               [  73% ] 618/850 VUs  0m43.7s/1m00.0s
payments_consistency   [  73% ] 1 VUs        0m43.7s/1m0s
stage_00             ✓ [ 100% ] 1 VUs        1s
stage_01             ✓ [ 100% ] 1 VUs        1s
stage_02             ✓ [ 100% ] 1 VUs        1s
stage_03             ✓ [ 100% ] 1 VUs        1s
stage_04             ✓ [ 100% ] 1 VUs        1s
stage_05             • [   0% ] waiting      06.3s

running (0m44.9s), 633/854 VUs, 13691 complete and 0 interrupted iterations
payments               [  74% ] 632/850 VUs  0m44.7s/1m00.0s
payments_consistency   [  74% ] 1 VUs        0m44.7s/1m0s
stage_00             ✓ [ 100% ] 1 VUs        1s
stage_01             ✓ [ 100% ] 1 VUs        1s
stage_02             ✓ [ 100% ] 1 VUs        1s
stage_03             ✓ [ 100% ] 1 VUs        1s
stage_04             ✓ [ 100% ] 1 VUs        1s
stage_05             • [   0% ] waiting      05.3s

running (0m45.9s), 647/854 VUs, 14323 complete and 0 interrupted iterations
payments               [  76% ] 646/850 VUs  0m45.7s/1m00.0s
payments_consistency   [  76% ] 1 VUs        0m45.7s/1m0s
stage_00             ✓ [ 100% ] 1 VUs        1s
stage_01             ✓ [ 100% ] 1 VUs        1s
stage_02             ✓ [ 100% ] 1 VUs        1s
stage_03             ✓ [ 100% ] 1 VUs        1s
stage_04             ✓ [ 100% ] 1 VUs        1s
stage_05             • [   0% ] waiting      04.3s

running (0m46.9s), 662/854 VUs, 14969 complete and 0 interrupted iterations
payments               [  78% ] 661/850 VUs  0m46.7s/1m00.0s
payments_consistency   [  78% ] 1 VUs        0m46.7s/1m0s
stage_00             ✓ [ 100% ] 1 VUs        1s
stage_01             ✓ [ 100% ] 1 VUs        1s
stage_02             ✓ [ 100% ] 1 VUs        1s
stage_03             ✓ [ 100% ] 1 VUs        1s
stage_04             ✓ [ 100% ] 1 VUs        1s
stage_05             • [   0% ] waiting      03.3s

running (0m47.9s), 676/854 VUs, 15623 complete and 0 interrupted iterations
payments               [  79% ] 675/850 VUs  0m47.7s/1m00.0s
payments_consistency   [  79% ] 1 VUs        0m47.7s/1m0s
stage_00             ✓ [ 100% ] 1 VUs        1s
stage_01             ✓ [ 100% ] 1 VUs        1s
stage_02             ✓ [ 100% ] 1 VUs        1s
stage_03             ✓ [ 100% ] 1 VUs        1s
stage_04             ✓ [ 100% ] 1 VUs        1s
stage_05             • [   0% ] waiting      02.3s

running (0m48.9s), 690/854 VUs, 16288 complete and 0 interrupted iterations
payments               [  81% ] 689/850 VUs  0m48.7s/1m00.0s
payments_consistency   [  81% ] 1 VUs        0m48.7s/1m0s
stage_00             ✓ [ 100% ] 1 VUs        1s
stage_01             ✓ [ 100% ] 1 VUs        1s
stage_02             ✓ [ 100% ] 1 VUs        1s
stage_03             ✓ [ 100% ] 1 VUs        1s
stage_04             ✓ [ 100% ] 1 VUs        1s
stage_05             • [   0% ] waiting      01.3s

running (0m49.9s), 704/854 VUs, 16976 complete and 0 interrupted iterations
payments               [  83% ] 703/850 VUs  0m49.7s/1m00.0s
payments_consistency   [  83% ] 1 VUs        0m49.7s/1m0s
stage_00             ✓ [ 100% ] 1 VUs        1s
stage_01             ✓ [ 100% ] 1 VUs        1s
stage_02             ✓ [ 100% ] 1 VUs        1s
stage_03             ✓ [ 100% ] 1 VUs        1s
stage_04             ✓ [ 100% ] 1 VUs        1s
stage_05             • [   0% ] waiting      00.3s

running (0m50.9s), 719/854 VUs, 17679 complete and 0 interrupted iterations
payments               [  84% ] 717/850 VUs  0m50.7s/1m00.0s
payments_consistency   [  84% ] 1 VUs        0m50.7s/1m0s
stage_00             ✓ [ 100% ] 1 VUs        1s
stage_01             ✓ [ 100% ] 1 VUs        1s
stage_02             ✓ [ 100% ] 1 VUs        1s
stage_03             ✓ [ 100% ] 1 VUs        1s
stage_04             ✓ [ 100% ] 1 VUs        1s
stage_05               [  65% ] 1 VUs        0.7s/1s

running (0m51.9s), 732/854 VUs, 18397 complete and 0 interrupted iterations
payments               [  86% ] 731/850 VUs  0m51.7s/1m00.0s
payments_consistency   [  86% ] 1 VUs        0m51.7s/1m0s
stage_00             ✓ [ 100% ] 1 VUs        1s
stage_01             ✓ [ 100% ] 1 VUs        1s
stage_02             ✓ [ 100% ] 1 VUs        1s
stage_03             ✓ [ 100% ] 1 VUs        1s
stage_04             ✓ [ 100% ] 1 VUs        1s
stage_05             ✓ [ 100% ] 1 VUs        1s

running (0m52.9s), 747/854 VUs, 19128 complete and 0 interrupted iterations
payments               [  88% ] 746/850 VUs  0m52.7s/1m00.0s
payments_consistency   [  88% ] 1 VUs        0m52.7s/1m0s
stage_00             ✓ [ 100% ] 1 VUs        1s
stage_01             ✓ [ 100% ] 1 VUs        1s
stage_02             ✓ [ 100% ] 1 VUs        1s
stage_03             ✓ [ 100% ] 1 VUs        1s
stage_04             ✓ [ 100% ] 1 VUs        1s
stage_05             ✓ [ 100% ] 1 VUs        1s

running (0m53.9s), 761/854 VUs, 19874 complete and 0 interrupted iterations
payments               [  89% ] 760/850 VUs  0m53.7s/1m00.0s
payments_consistency   [  89% ] 1 VUs        0m53.7s/1m0s
stage_00             ✓ [ 100% ] 1 VUs        1s
stage_01             ✓ [ 100% ] 1 VUs        1s
stage_02             ✓ [ 100% ] 1 VUs        1s
stage_03             ✓ [ 100% ] 1 VUs        1s
stage_04             ✓ [ 100% ] 1 VUs        1s
stage_05             ✓ [ 100% ] 1 VUs        1s

running (0m54.9s), 775/854 VUs, 20633 complete and 0 interrupted iterations
payments               [  91% ] 774/850 VUs  0m54.7s/1m00.0s
payments_consistency   [  91% ] 1 VUs        0m54.7s/1m0s
stage_00             ✓ [ 100% ] 1 VUs        1s
stage_01             ✓ [ 100% ] 1 VUs        1s
stage_02             ✓ [ 100% ] 1 VUs        1s
stage_03             ✓ [ 100% ] 1 VUs        1s
stage_04             ✓ [ 100% ] 1 VUs        1s
stage_05             ✓ [ 100% ] 1 VUs        1s

running (0m55.9s), 789/854 VUs, 21407 complete and 0 interrupted iterations
payments               [  93% ] 788/850 VUs  0m55.7s/1m00.0s
payments_consistency   [  93% ] 1 VUs        0m55.7s/1m0s
stage_00             ✓ [ 100% ] 1 VUs        1s
stage_01             ✓ [ 100% ] 1 VUs        1s
stage_02             ✓ [ 100% ] 1 VUs        1s
stage_03             ✓ [ 100% ] 1 VUs        1s
stage_04             ✓ [ 100% ] 1 VUs        1s
stage_05             ✓ [ 100% ] 1 VUs        1s

running (0m56.9s), 803/854 VUs, 22194 complete and 0 interrupted iterations
payments               [  94% ] 802/850 VUs  0m56.7s/1m00.0s
payments_consistency   [  94% ] 1 VUs        0m56.7s/1m0s
stage_00             ✓ [ 100% ] 1 VUs        1s
stage_01             ✓ [ 100% ] 1 VUs        1s
stage_02             ✓ [ 100% ] 1 VUs        1s
stage_03             ✓ [ 100% ] 1 VUs        1s
stage_04             ✓ [ 100% ] 1 VUs        1s
stage_05             ✓ [ 100% ] 1 VUs        1s

running (0m57.9s), 817/854 VUs, 22996 complete and 0 interrupted iterations
payments               [  96% ] 816/850 VUs  0m57.7s/1m00.0s
payments_consistency   [  96% ] 1 VUs        0m57.7s/1m0s
stage_00             ✓ [ 100% ] 1 VUs        1s
stage_01             ✓ [ 100% ] 1 VUs        1s
stage_02             ✓ [ 100% ] 1 VUs        1s
stage_03             ✓ [ 100% ] 1 VUs        1s
stage_04             ✓ [ 100% ] 1 VUs        1s
stage_05             ✓ [ 100% ] 1 VUs        1s

running (0m58.9s), 831/854 VUs, 23812 complete and 0 interrupted iterations
payments               [  98% ] 830/850 VUs  0m58.7s/1m00.0s
payments_consistency   [  98% ] 1 VUs        0m58.7s/1m0s
stage_00             ✓ [ 100% ] 1 VUs        1s
stage_01             ✓ [ 100% ] 1 VUs        1s
stage_02             ✓ [ 100% ] 1 VUs        1s
stage_03             ✓ [ 100% ] 1 VUs        1s
stage_04             ✓ [ 100% ] 1 VUs        1s
stage_05             ✓ [ 100% ] 1 VUs        1s

running (0m59.9s), 846/854 VUs, 24642 complete and 0 interrupted iterations
payments               [  99% ] 845/850 VUs  0m59.7s/1m00.0s
payments_consistency   [  99% ] 1 VUs        0m59.7s/1m0s
stage_00             ✓ [ 100% ] 1 VUs        1s
stage_01             ✓ [ 100% ] 1 VUs        1s
stage_02             ✓ [ 100% ] 1 VUs        1s
stage_03             ✓ [ 100% ] 1 VUs        1s
stage_04             ✓ [ 100% ] 1 VUs        1s
stage_05             ✓ [ 100% ] 1 VUs        1s

running (1m00.9s), 255/854 VUs, 25488 complete and 0 interrupted iterations
payments             ↓ [ 100% ] 850/850 VUs  1m0s
payments_consistency ✓ [ 100% ] 1 VUs        1m0s
stage_00             ✓ [ 100% ] 1 VUs        1s
stage_01             ✓ [ 100% ] 1 VUs        1s
stage_02             ✓ [ 100% ] 1 VUs        1s
stage_03             ✓ [ 100% ] 1 VUs        1s
stage_04             ✓ [ 100% ] 1 VUs        1s
stage_05             ✓ [ 100% ] 1 VUs        1s
time="2025-07-19T14:40:34-03:00" level=info msg="summaries from 2025-07-19T17:39:24.858Z to 2025-07-19T17:40:34.858Z" source=console
     balance_inconsistency_amount[2m...:[0m [36m67341.6[0m   [36;2m1098.775821/s[0m
     data_received[2m..................:[0m [36m4.5 MB[0m    [36;2m73 kB/s[0m
     data_sent[2m......................:[0m [36m5.2 MB[0m    [36;2m85 kB/s[0m
     default_total_amount[2m...........:[0m [36m430596.2[0m  [36;2m7025.801185/s[0m
     default_total_fee[2m..............:[0m [36m21529.81[0m  [36;2m351.290059/s[0m
     default_total_requests[2m.........:[0m [36m21638[0m     [36;2m353.055336/s[0m
     fallback_total_amount[2m..........:[0m [36m81450.7[0m   [36;2m1328.98624/s[0m
     fallback_total_fee[2m.............:[0m [36m12217.605[0m [36;2m199.347936/s[0m
     fallback_total_requests[2m........:[0m [36m4093[0m      [36;2m66.783228/s[0m
     http_req_blocked[2m...............:[0m p(99)=[36m622µs[0m   count=[36m25781[0m
     http_req_connecting[2m............:[0m p(99)=[36m530µs[0m   count=[36m25781[0m
     http_req_duration[2m..............:[0m p(99)=[36m91.63ms[0m count=[36m25781[0m
       { expected_response:true }[2m...:[0m p(99)=[36m91.63ms[0m count=[36m25780[0m
     http_req_failed[2m................:[0m [36m0.00%[0m     [36;2m✓ 1[0m           [36;2m✗ 25780[0m
     http_req_receiving[2m.............:[0m p(99)=[36m95µs[0m    count=[36m25781[0m
     http_req_sending[2m...............:[0m p(99)=[36m80µs[0m    count=[36m25781[0m
     http_req_tls_handshaking[2m.......:[0m p(99)=[36m0s[0m      count=[36m25781[0m
     http_req_waiting[2m...............:[0m p(99)=[36m91.57ms[0m count=[36m25781[0m
     http_reqs[2m......................:[0m [36m25781[0m     [36;2m420.654387/s[0m
     iteration_duration[2m.............:[0m p(99)=[36m1.09s[0m   count=[36m25743[0m
     iterations[2m.....................:[0m [36m25743[0m     [36;2m420.034361/s[0m
     total_transactions_amount[2m......:[0m [36m512046.9[0m  [36;2m8354.787425/s[0m
     transactions_failure[2m...........:[0m [36m0[0m         [36;2m0/s[0m
     transactions_success[2m...........:[0m [36m25731[0m     [36;2m419.838564/s[0m
     vus[2m............................:[0m [36m255[0m       [36;2mmin=11[0m        [36;2mmax=846[0m
     vus_max[2m........................:[0m [36m854[0m       [36;2mmin=854[0m       [36;2mmax=854[0m
running (1m01.3s), 000/854 VUs, 25743 complete and 0 interrupted iterations
payments             ✓ [ 100% ] 000/850 VUs  1m0s
payments_consistency ✓ [ 100% ] 1 VUs        1m0s
stage_00             ✓ [ 100% ] 1 VUs        1s
stage_01             ✓ [ 100% ] 1 VUs        1s
stage_02             ✓ [ 100% ] 1 VUs        1s
stage_03             ✓ [ 100% ] 1 VUs        1s
stage_04             ✓ [ 100% ] 1 VUs        1s
stage_05             ✓ [ 100% ] 1 VUs        1s
